<?xml version="1.0" encoding="UTF-8"?>
<!-- Generated by org.testng.reporters.JUnitReportReporter -->
<testsuite hostname="yogen-3.local" failures="0" tests="2" name="rahulshettyacademy.tests.ErrorValidationsTest" time="10.795" errors="0" timestamp="2023-02-21T15:19:59 IST" skipped="0">
  <testcase classname="rahulshettyacademy.tests.ErrorValidationsTest" name="errorValidation" time="6.116"/>
  <system-out/>
  <testcase classname="rahulshettyacademy.tests.ErrorValidationsTest" name="errorValidation" time="4.679"/>
  <system-out/>
</testsuite> <!-- rahulshettyacademy.tests.ErrorValidationsTest -->
