<?xml version="1.0" encoding="UTF-8"?>
<!-- Generated by org.testng.reporters.JUnitReportReporter -->
<testsuite hostname="yogen-3.local" failures="0" tests="1" name="rahulshettyacademy.tests.ErrorValidations" time="5.187" errors="0" timestamp="2023-02-09T13:02:37 IST" skipped="0">
  <testcase classname="rahulshettyacademy.tests.ErrorValidations" name="errorValidation" time="5.187"/>
  <system-out/>
</testsuite> <!-- rahulshettyacademy.tests.ErrorValidations -->
